<?xml version="1.0" encoding="UTF-8"?>
<robot generator="Robot 7.4.2 (Python 3.14.7 on win32)" generated="2026-08-17T17:29:43.771886" rpa="false" schemaversion="5">
<suite id="s1" name="Curso Treinamento Automacao" source="C:\projeto\curso_treinamento_automacao">
<suite id="s1-s1" name="Tests" source="C:\projeto\curso_treinamento_automacao\tests">
<suite id="s1-s1-s1" name="Products" source="C:\projeto\curso_treinamento_automacao\tests\products_test.robot">
<kw name="Run Keywords" owner="BuiltIn" type="SETUP">
<kw name="Abrir Novo Browser" owner="setup">
<kw name="Evaluate" owner="BuiltIn">
<msg time="2026-08-17T17:29:44.338941" level="INFO">${chrome_options} = &lt;selenium.webdriver.chrome.options.Options object at 0x000001F28ADECC20&gt;</msg>
<var>${chrome_options}</var>
<arg>sys.modules['selenium.webdriver'].ChromeOptions()</arg>
<arg>sys</arg>
<doc>Evaluates the given expression in Python and returns the result.</doc>
<status status="PASS" start="2026-08-17T17:29:44.335679" elapsed="0.003500"/>
</kw>
<kw name="Create Dictionary" owner="BuiltIn">
<msg time="2026-08-17T17:29:44.340778" level="INFO">${prefs} = {'credentials_enable_service': False, 'profile.password_manager_enabled': False, 'profile.password_manager_leak_detection': False}</msg>
<var>${prefs}</var>
<arg>credentials_enable_service=${FALSE}</arg>
<arg>profile.password_manager_enabled=${FALSE}</arg>
<arg>profile.password_manager_leak_detection=${FALSE}</arg>
<doc>Creates and returns a dictionary based on the given ``items``.</doc>
<status status="PASS" start="2026-08-17T17:29:44.339386" elapsed="0.001583"/>
</kw>
<kw name="Call Method" owner="BuiltIn">
<arg>${chrome_options}</arg>
<arg>add_experimental_option</arg>
<arg>prefs</arg>
<arg>${prefs}</arg>
<doc>Calls the named method of the given object with the provided arguments.</doc>
<status status="PASS" start="2026-08-17T17:29:44.341159" elapsed="0.000581"/>
</kw>
<kw name="Call Method" owner="BuiltIn">
<arg>${chrome_options}</arg>
<arg>add_argument</arg>
<arg>--no-sandbox</arg>
<doc>Calls the named method of the given object with the provided arguments.</doc>
<status status="PASS" start="2026-08-17T17:29:44.341958" elapsed="0.000408"/>
</kw>
<kw name="Call Method" owner="BuiltIn">
<arg>${chrome_options}</arg>
<arg>add_argument</arg>
<arg>--disable-dev-shm-usage</arg>
<doc>Calls the named method of the given object with the provided arguments.</doc>
<status status="PASS" start="2026-08-17T17:29:44.342574" elapsed="0.000461"/>
</kw>
<kw name="Call Method" owner="BuiltIn">
<arg>${chrome_options}</arg>
<arg>add_argument</arg>
<arg>--disable-gpu</arg>
<doc>Calls the named method of the given object with the provided arguments.</doc>
<status status="PASS" start="2026-08-17T17:29:44.343206" elapsed="0.000295"/>
</kw>
<kw name="Call Method" owner="BuiltIn">
<arg>${chrome_options}</arg>
<arg>add_argument</arg>
<arg>--disable-save-password-bubble</arg>
<doc>Calls the named method of the given object with the provided arguments.</doc>
<status status="PASS" start="2026-08-17T17:29:44.343631" elapsed="0.000277"/>
</kw>
<kw name="Call Method" owner="BuiltIn">
<arg>${chrome_options}</arg>
<arg>add_argument</arg>
<arg>--disable-notifications</arg>
<doc>Calls the named method of the given object with the provided arguments.</doc>
<status status="PASS" start="2026-08-17T17:29:44.344031" elapsed="0.000291"/>
</kw>
<kw name="Get Variable Value" owner="BuiltIn">
<msg time="2026-08-17T17:29:44.344883" level="INFO">${browser_type} = chrome</msg>
<var>${browser_type}</var>
<arg>${BROWSER}</arg>
<arg>chrome</arg>
<doc>Returns variable value or ``default`` if the variable does not exist.</doc>
<status status="PASS" start="2026-08-17T17:29:44.344454" elapsed="0.000872"/>
</kw>
<kw name="Open Browser" owner="SeleniumLibrary">
<msg time="2026-08-17T17:29:44.346261" level="INFO">Opening browser 'chrome' to base url 'https://www.saucedemo.com/'.</msg>
<arg>${url}</arg>
<arg>${browser_type}</arg>
<arg>options=${chrome_options}</arg>
<arg>alias=${alias}</arg>
<doc>Opens a new browser instance to the optional ``url``.</doc>
<status status="PASS" start="2026-08-17T17:29:44.345623" elapsed="2.555047"/>
</kw>
<kw name="Maximize Browser Window" owner="SeleniumLibrary">
<doc>Maximizes current browser window.</doc>
<status status="PASS" start="2026-08-17T17:29:46.901922" elapsed="0.056062"/>
</kw>
<arg>url=https://www.saucedemo.com/</arg>
<status status="PASS" start="2026-08-17T17:29:44.335033" elapsed="2.623434"/>
</kw>
<kw name="Preencher Usuário" owner="login_pages">
<kw name="Wait Until Element Is Visible" owner="SeleniumLibrary">
<arg>${USERNAME_CAMPO}</arg>
<doc>Waits until the element ``locator`` is visible.</doc>
<status status="PASS" start="2026-08-17T17:29:46.963122" elapsed="0.113803"/>
</kw>
<kw name="Input Text" owner="SeleniumLibrary">
<msg time="2026-08-17T17:29:47.079152" level="INFO">Typing text 'standard_user' into text field '//*[@id="user-name"]'.</msg>
<arg>${USERNAME_CAMPO}</arg>
<arg>${usuario}</arg>
<doc>Types the given ``text`` into the text field identified by ``locator``.</doc>
<status status="PASS" start="2026-08-17T17:29:47.078159" elapsed="0.125441"/>
</kw>
<arg>usuario=${USUARIO_PADRAO}</arg>
<status status="PASS" start="2026-08-17T17:29:46.959332" elapsed="0.244565"/>
</kw>
<kw name="Preencher Senha" owner="login_pages">
<kw name="Wait Until Element Is Visible" owner="SeleniumLibrary">
<arg>${PASSWORD_CAMPO}</arg>
<doc>Waits until the element ``locator`` is visible.</doc>
<status status="PASS" start="2026-08-17T17:29:47.206736" elapsed="0.022326"/>
</kw>
<kw name="Input Password" owner="SeleniumLibrary">
<msg time="2026-08-17T17:29:47.231794" level="INFO">Typing password into text field '//*[@id="password"]'.</msg>
<msg time="2026-08-17T17:29:47.251710" level="INFO">Temporally setting log level to: NONE</msg>
<arg>${PASSWORD_CAMPO}</arg>
<arg>${senha}</arg>
<doc>Types the given password into the text field identified by ``locator``.</doc>
<status status="PASS" start="2026-08-17T17:29:47.230115" elapsed="0.071631"/>
</kw>
<arg>senha=${SENHA_PADRAO}</arg>
<status status="PASS" start="2026-08-17T17:29:47.204210" elapsed="0.097869"/>
</kw>
<kw name="Botão Realizar Login" owner="login_pages">
<kw name="Click Element" owner="SeleniumLibrary">
<msg time="2026-08-17T17:29:47.304042" level="INFO">Clicking element '//*[@id="login-button"]'.</msg>
<arg>${BTN_LOGIN}</arg>
<doc>Click the element identified by ``locator``.</doc>
<status status="PASS" start="2026-08-17T17:29:47.303223" elapsed="0.118901"/>
</kw>
<status status="PASS" start="2026-08-17T17:29:47.302536" elapsed="0.119840"/>
</kw>
<kw name="Visualizar Tela Inicial De Produtos" owner="products_pages">
<kw name="Wait Until Element Is Visible" owner="SeleniumLibrary">
<arg>${PRODUCTS_INVENTORY}</arg>
<doc>Waits until the element ``locator`` is visible.</doc>
<status status="PASS" start="2026-08-17T17:29:47.423265" elapsed="0.010403"/>
</kw>
<status status="PASS" start="2026-08-17T17:29:47.422639" elapsed="0.011246"/>
</kw>
<arg>Abrir Novo Browser</arg>
<arg>url=https://www.saucedemo.com/</arg>
<arg>AND</arg>
<arg>Preencher Usuário</arg>
<arg>usuario=${USUARIO_PADRAO}</arg>
<arg>AND</arg>
<arg>Preencher Senha</arg>
<arg>senha=${SENHA_PADRAO}</arg>
<arg>AND</arg>
<arg>Botão Realizar Login</arg>
<arg>AND</arg>
<arg>Visualizar Tela Inicial De Produtos</arg>
<doc>Executes all the given keywords in a sequence.</doc>
<status status="PASS" start="2026-08-17T17:29:44.332640" elapsed="3.101363"/>
</kw>
<test id="s1-s1-s1-t1" name="CT01 - Realiza Compras" line="23">
<kw name="Visualizar Tela Inicial De Produtos" owner="products_pages">
<kw name="Wait Until Element Is Visible" owner="SeleniumLibrary">
<arg>${PRODUCTS_INVENTORY}</arg>
<doc>Waits until the element ``locator`` is visible.</doc>
<status status="PASS" start="2026-08-17T17:29:47.442036" elapsed="0.008382"/>
</kw>
<status status="PASS" start="2026-08-17T17:29:47.441480" elapsed="0.009092"/>
</kw>
<kw name="Adicionar Item Ao Carrinho De Compras" owner="products_pages">
<kw name="Set Variable" owner="BuiltIn">
<msg time="2026-08-17T17:29:47.452126" level="INFO">${locator_produto_marcado} = //*[./div[contains(text(), "Sauce Labs Backpack")]]/following::*//*[contains(text(), "Add to cart")]</msg>
<var>${locator_produto_marcado}</var>
<arg>//*[./div[contains(text(), "${produto}")]]/following::*${PRODUCTS_INVENTORY_BTN_ADD_CART}</arg>
<doc>Returns the given values which can then be assigned to a variables.</doc>
<status status="PASS" start="2026-08-17T17:29:47.451512" elapsed="0.000804"/>
</kw>
<kw name="Set Variable" owner="BuiltIn">
<msg time="2026-08-17T17:29:47.453054" level="INFO">${locator_produto_remover} = //*[./div[contains(text(), "Sauce Labs Backpack")]]/following::*//*[contains(text(), "Remove")] </msg>
<var>${locator_produto_remover}</var>
<arg>//*[./div[contains(text(), "Sauce Labs Backpack")]]/following::*${PRODUCTS_INVENTORY_BTN_REMOVE}</arg>
<doc>Returns the given values which can then be assigned to a variables.</doc>
<status status="PASS" start="2026-08-17T17:29:47.452539" elapsed="0.000657"/>
</kw>
<kw name="Wait Until Element Is Visible" owner="SeleniumLibrary">
<arg>${locator_produto_marcado}</arg>
<doc>Waits until the element ``locator`` is visible.</doc>
<status status="PASS" start="2026-08-17T17:29:47.453355" elapsed="0.016470"/>
</kw>
<kw name="Click Element" owner="SeleniumLibrary">
<msg time="2026-08-17T17:29:47.471505" level="INFO">Clicking element '//*[./div[contains(text(), "Sauce Labs Backpack")]]/following::*//*[contains(text(), "Add to cart")]'.</msg>
<arg>${locator_produto_marcado}</arg>
<doc>Click the element identified by ``locator``.</doc>
<status status="PASS" start="2026-08-17T17:29:47.470240" elapsed="0.040078"/>
</kw>
<kw name="Wait Until Element Is Visible" owner="SeleniumLibrary">
<arg>${locator_produto_remover}</arg>
<doc>Waits until the element ``locator`` is visible.</doc>
<status status="PASS" start="2026-08-17T17:29:47.510962" elapsed="0.013922"/>
</kw>
<arg>produto=Sauce Labs Backpack</arg>
<status status="PASS" start="2026-08-17T17:29:47.450934" elapsed="0.074229"/>
</kw>
<kw name="Botão Carrinho De Compras" owner="products_pages">
<kw name="Wait Until Element Is Enabled" owner="SeleniumLibrary">
<arg>${PRODUCTS_INVENTORY_BTN_CART}</arg>
<doc>Waits until the element ``locator`` is enabled.</doc>
<status status="PASS" start="2026-08-17T17:29:47.526157" elapsed="0.014897"/>
</kw>
<kw name="Click Element" owner="SeleniumLibrary">
<msg time="2026-08-17T17:29:47.542221" level="INFO">Clicking element '//*[@id="shopping_cart_container"]'.</msg>
<arg>${PRODUCTS_INVENTORY_BTN_CART}</arg>
<doc>Click the element identified by ``locator``.</doc>
<status status="PASS" start="2026-08-17T17:29:47.541526" elapsed="0.063764"/>
</kw>
<status status="PASS" start="2026-08-17T17:29:47.525633" elapsed="0.079905"/>
</kw>
<kw name="Visualizar Produtos No Carrinho" owner="cart_pages">
<kw name="Set Variable" owner="BuiltIn">
<msg time="2026-08-17T17:29:47.607401" level="INFO">${locator_produto} = //*[contains(@class, "cart_list")]//*[./div[contains(text(), "Sauce Labs Backpack")]]</msg>
<var>${locator_produto}</var>
<arg>//*[contains(@class, "cart_list")]//*[./div[contains(text(), "${nome_produto}")]]</arg>
<doc>Returns the given values which can then be assigned to a variables.</doc>
<status status="PASS" start="2026-08-17T17:29:47.606899" elapsed="0.000717"/>
</kw>
<kw name="Wait Until Element Is Visible" owner="SeleniumLibrary">
<arg>${locator_produto}</arg>
<doc>Waits until the element ``locator`` is visible.</doc>
<status status="PASS" start="2026-08-17T17:29:47.607866" elapsed="0.017163"/>
</kw>
<arg>nome_produto=Sauce Labs Backpack</arg>
<status status="PASS" start="2026-08-17T17:29:47.606010" elapsed="0.019944"/>
</kw>
<kw name="Botão Checkout" owner="cart_pages">
<kw name="Wait Until Element Is Enabled" owner="SeleniumLibrary">
<arg>${CART_BTN_CHECKOUT}</arg>
<doc>Waits until the element ``locator`` is enabled.</doc>
<status status="PASS" start="2026-08-17T17:29:47.628675" elapsed="0.019771"/>
</kw>
<kw name="Click Element" owner="SeleniumLibrary">
<msg time="2026-08-17T17:29:47.649373" level="INFO">Clicking element '//*[@id="checkout"]'.</msg>
<arg>${CART_BTN_CHECKOUT}</arg>
<doc>Click the element identified by ``locator``.</doc>
<status status="PASS" start="2026-08-17T17:29:47.648707" elapsed="0.036027"/>
</kw>
<status status="PASS" start="2026-08-17T17:29:47.627540" elapsed="0.057430"/>
</kw>
<kw name="Preencher Inormações De Checkout" owner="checkout_pages">
<kw name="Name" owner="FakerLibrary">
<msg time="2026-08-17T17:29:47.686515" level="INFO">${fist_name} = Rafaela Lima</msg>
<var>${fist_name}</var>
<doc>:example: 'John Doe'</doc>
<status status="PASS" start="2026-08-17T17:29:47.686150" elapsed="0.000677"/>
</kw>
<kw name="Last Name" owner="FakerLibrary">
<msg time="2026-08-17T17:29:47.687280" level="INFO">${last_name} = Marques</msg>
<var>${last_name}</var>
<status status="PASS" start="2026-08-17T17:29:47.686988" elapsed="0.000413"/>
</kw>
<kw name="Postcode" owner="FakerLibrary">
<msg time="2026-08-17T17:29:47.687961" level="INFO">${postal_code} = 62044-078</msg>
<var>${postal_code}</var>
<doc>Randomly returns a postcode.
:param formatted: True to allow formatted postcodes, else False (default True)
:example formatted: '41224-212' '83992-291' '12324322'
:example raw: '43920231' '34239530'</doc>
<status status="PASS" start="2026-08-17T17:29:47.687527" elapsed="0.000564"/>
</kw>
<kw name="Input Text" owner="SeleniumLibrary">
<msg time="2026-08-17T17:29:47.688910" level="INFO">Typing text 'Rafaela Lima' into text field '//*[@id="first-name"]'.</msg>
<arg>${CHECKOUT_INPUT_FIST_NAME}</arg>
<arg>${fist_name}</arg>
<doc>Types the given ``text`` into the text field identified by ``locator``.</doc>
<status status="PASS" start="2026-08-17T17:29:47.688304" elapsed="0.074226"/>
</kw>
<kw name="Input Text" owner="SeleniumLibrary">
<msg time="2026-08-17T17:29:47.763321" level="INFO">Typing text 'Marques' into text field '//*[@id="last-name"]'.</msg>
<arg>${CHECKOUT_INPUT_LAST_NAME}</arg>
<arg>${last_name}</arg>
<doc>Types the given ``text`` into the text field identified by ``locator``.</doc>
<status status="PASS" start="2026-08-17T17:29:47.762794" elapsed="0.050877"/>
</kw>
<kw name="Input Text" owner="SeleniumLibrary">
<msg time="2026-08-17T17:29:47.814691" level="INFO">Typing text '62044-078' into text field '//*[@id="postal-code"]'.</msg>
<arg>${CHECKOUT_INPUT_POSTAL_CODE}</arg>
<arg>${postal_code}</arg>
<doc>Types the given ``text`` into the text field identified by ``locator``.</doc>
<status status="PASS" start="2026-08-17T17:29:47.814114" elapsed="0.051280"/>
</kw>
<kw name="Click Element" owner="SeleniumLibrary">
<msg time="2026-08-17T17:29:47.866314" level="INFO">Clicking element '//*[@id="continue"]'.</msg>
<arg>${CHECKOUT_BTN_CONTINUE}</arg>
<doc>Click the element identified by ``locator``.</doc>
<status status="PASS" start="2026-08-17T17:29:47.865715" elapsed="0.043526"/>
</kw>
<status status="PASS" start="2026-08-17T17:29:47.685411" elapsed="0.224061"/>
</kw>
<kw name="Visualizar Produto" owner="overview_pages">
<kw name="Set Variable" owner="BuiltIn">
<msg time="2026-08-17T17:29:47.911234" level="INFO">${locator_produto} = //*[contains(@class, "cart_list")]//*[./div[contains(text(), "Sauce Labs Backpack")]]</msg>
<var>${locator_produto}</var>
<arg>//*[contains(@class, "cart_list")]//*[./div[contains(text(), "${nome_produto}")]]</arg>
<doc>Returns the given values which can then be assigned to a variables.</doc>
<status status="PASS" start="2026-08-17T17:29:47.910600" elapsed="0.000992"/>
</kw>
<arg>nome_produto=Sauce Labs Backpack</arg>
<status status="PASS" start="2026-08-17T17:29:47.909950" elapsed="0.001858"/>
</kw>
<kw name="Retorna Valor E Taxa Do Produto" owner="overview_pages">
<kw name="Get Text" owner="SeleniumLibrary">
<msg time="2026-08-17T17:29:47.927588" level="INFO">${preco_item_element} = Item total: $29.99</msg>
<var>${preco_item_element}</var>
<arg>${OVERVIEW_LABEL_PRICE_ITEM}</arg>
<doc>Returns the text value of the element identified by ``locator``.</doc>
<status status="PASS" start="2026-08-17T17:29:47.912832" elapsed="0.015086"/>
</kw>
<kw name="Split String" owner="String">
<msg time="2026-08-17T17:29:47.928864" level="INFO">${partes} = ['Item', 'total:', '$29.99']</msg>
<var>${partes}</var>
<arg>${preco_item_element}</arg>
<arg>${SPACE}</arg>
<doc>Splits the ``string`` using ``separator`` as a delimiter string.</doc>
<status status="PASS" start="2026-08-17T17:29:47.928206" elapsed="0.000839"/>
</kw>
<kw name="Get From List" owner="Collections">
<msg time="2026-08-17T17:29:51.383530" level="INFO">${preco_item} = $29.99</msg>
<var>${preco_item}</var>
<arg>${partes}</arg>
<arg>-1</arg>
<doc>Returns the value specified with an ``index`` from ``list``.</doc>
<status status="PASS" start="2026-08-17T17:29:47.929334" elapsed="3.454791"/>
</kw>
<kw name="Get Text" owner="SeleniumLibrary">
<msg time="2026-08-17T17:29:51.401232" level="INFO">${tax_item_element} = Tax: $2.40</msg>
<var>${tax_item_element}</var>
<arg>${OVERVIEW_LABEL_PRICE_TAX_ITEM}</arg>
<doc>Returns the text value of the element identified by ``locator``.</doc>
<status status="PASS" start="2026-08-17T17:29:51.384683" elapsed="0.016759"/>
</kw>
<kw name="Split String" owner="String">
<msg time="2026-08-17T17:29:51.402419" level="INFO">${partes} = ['Tax:', '$2.40']</msg>
<var>${partes}</var>
<arg>${tax_item_element}</arg>
<arg>${SPACE}</arg>
<doc>Splits the ``string`` using ``separator`` as a delimiter string.</doc>
<status status="PASS" start="2026-08-17T17:29:51.401728" elapsed="0.000932"/>
</kw>
<kw name="Get From List" owner="Collections">
<msg time="2026-08-17T17:29:51.403678" level="INFO">${tax_item} = $2.40</msg>
<var>${tax_item}</var>
<arg>${partes}</arg>
<arg>-1</arg>
<doc>Returns the value specified with an ``index`` from ``list``.</doc>
<status status="PASS" start="2026-08-17T17:29:51.402912" elapsed="0.001219"/>
</kw>
<return>
<value>${preco_item}</value>
<value>${tax_item}</value>
<status status="PASS" start="2026-08-17T17:29:51.404322" elapsed="0.000283"/>
</return>
<msg time="2026-08-17T17:29:51.404812" level="INFO">${preco_item_element} = $29.99</msg>
<msg time="2026-08-17T17:29:51.404954" level="INFO">${tax_item_element} = $2.40</msg>
<var>${preco_item_element}</var>
<var>${tax_item_element}</var>
<status status="PASS" start="2026-08-17T17:29:47.912248" elapsed="3.492882"/>
</kw>
<kw name="Calcula Price Total" owner="overview_pages">
<kw name="Calcular Preco Total E Validar" owner="calc_itens">
<msg time="2026-08-17T17:29:51.407113" level="INFO">${total} = 32.39</msg>
<var>${total}</var>
<arg>item_total=${preco_item}</arg>
<arg>tax=${preco_tax}</arg>
<doc>Limpa a formatação de moeda (ex: '$29.99' -&gt; 29.99) e calcula o valor total.</doc>
<status status="PASS" start="2026-08-17T17:29:51.406761" elapsed="0.000605"/>
</kw>
<return>
<value>${total}</value>
<status status="PASS" start="2026-08-17T17:29:51.407489" elapsed="0.000180"/>
</return>
<msg time="2026-08-17T17:29:51.407810" level="INFO">${total} = 32.39</msg>
<var>${total}</var>
<arg>preco_item=${preco_item_element}</arg>
<arg>preco_tax=${tax_item_element}</arg>
<status status="PASS" start="2026-08-17T17:29:51.406201" elapsed="0.001728"/>
</kw>
<kw name="Visualizar E Validar Preço Total" owner="overview_pages">
<kw name="Wait Until Page Contains" owner="SeleniumLibrary">
<arg>${preco_total}</arg>
<doc>Waits until ``text`` appears on the current page.</doc>
<status status="PASS" start="2026-08-17T17:29:51.408795" elapsed="1.565577"/>
</kw>
<arg>preco_total=${total}</arg>
<status status="PASS" start="2026-08-17T17:29:51.408363" elapsed="1.566230"/>
</kw>
<kw name="Botão Finish" owner="overview_pages">
<kw name="Click Element" owner="SeleniumLibrary">
<msg time="2026-08-17T17:29:52.976217" level="INFO">Clicking element '//*[@id="finish"]'.</msg>
<arg>${OVERVIEW_BTN_FINISH}</arg>
<doc>Click the element identified by ``locator``.</doc>
<status status="PASS" start="2026-08-17T17:29:52.975855" elapsed="0.059111"/>
</kw>
<status status="PASS" start="2026-08-17T17:29:52.975028" elapsed="0.060800"/>
</kw>
<doc>Testa a autenticação com credenciais válidas e valida o acesso à página de produtos.</doc>
<tag>allure.epic:products</tag>
<tag>allure.issue:https://www.atlassian.com/br/software/jira/templates/scrum</tag>
<tag>allure.layer:ui</tag>
<tag>allure.severity:critical</tag>
<tag>allure.story:login_com_sucesso</tag>
<status status="PASS" start="2026-08-17T17:29:47.434169" elapsed="5.603128"/>
</test>
<status status="PASS" start="2026-08-17T17:29:43.819041" elapsed="9.229177"/>
</suite>
<status status="PASS" start="2026-08-17T17:29:43.810253" elapsed="9.244767"/>
</suite>
<status status="PASS" start="2026-08-17T17:29:43.776544" elapsed="9.313382"/>
</suite>
<statistics>
<total>
<stat pass="1" fail="0" skip="0">All Tests</stat>
</total>
<tag>
<stat pass="1" fail="0" skip="0">allure.epic:products</stat>
<stat pass="1" fail="0" skip="0">allure.issue:https://www.atlassian.com/br/software/jira/templates/scrum</stat>
<stat pass="1" fail="0" skip="0">allure.layer:ui</stat>
<stat pass="1" fail="0" skip="0">allure.severity:critical</stat>
<stat pass="1" fail="0" skip="0">allure.story:login_com_sucesso</stat>
</tag>
<suite>
<stat name="Curso Treinamento Automacao" id="s1" pass="1" fail="0" skip="0">Curso Treinamento Automacao</stat>
<stat name="Tests" id="s1-s1" pass="1" fail="0" skip="0">Curso Treinamento Automacao.Tests</stat>
<stat name="Products" id="s1-s1-s1" pass="1" fail="0" skip="0">Curso Treinamento Automacao.Tests.Products</stat>
</suite>
</statistics>
<errors>
</errors>
</robot>
